<?xml version="1.0" encoding="utf-8" standalone="yes"?>
<!--Tiled2Unity generated xml data-->
<!--Do not modify by hand-->
<!--Last exported: 12/11/2016 13:39:38-->
<Tiled2Unity version="1.0.9.3">
  <AssignMaterial mesh="mesh_0001" material="wall-tile-1" />
  <AssignMaterial mesh="mesh_0002" material="floor-tile-2" />
  <Prefab name="test-1" orientation="Orthogonal" staggerAxis="Y" staggerIndex="Odd" hexSideLength="0" numLayers="1" numTilesWide="19" numTilesHigh="9" tileWidth="256" tileHeight="256" exportScale="0.00390625" mapWidthInPixels="4864" mapHeightInPixels="2304">
    <GameObject name="Tile Layer 1" x="0" y="0" z="0">
      <GameObject name="wall-tile-1" copy="mesh_0001" sortingLayerName="" sortingOrder="0" opacity="1" />
      <GameObject name="floor-tile-2" copy="mesh_0002" sortingLayerName="" sortingOrder="0" opacity="1" />
      <GameObject name="Collision">
        <PolygonCollider2D>
          <Path>10.96875,-0.03125 10.03125,-0.03125 10.03125,-0.96875 10.96875,-0.96875</Path>
          <Path>11.96875,-0.03125 11.03125,-0.03125 11.03125,-0.96875 11.96875,-0.96875</Path>
          <Path>12.96875,-0.03125 12.03125,-0.03125 12.03125,-0.96875 12.96875,-0.96875</Path>
          <Path>13.96875,-0.03125 13.03125,-0.03125 13.03125,-0.96875 13.96875,-0.96875</Path>
          <Path>14.96875,-0.03125 14.03125,-0.03125 14.03125,-0.96875 14.96875,-0.96875</Path>
          <Path>15.96875,-0.03125 15.03125,-0.03125 15.03125,-0.96875 15.96875,-0.96875</Path>
          <Path>16.96875,-0.03125 16.03125,-0.03125 16.03125,-0.96875 16.96875,-0.96875</Path>
          <Path>17.96875,-0.03125 17.03125,-0.03125 17.03125,-0.96875 17.96875,-0.96875</Path>
          <Path>1.96875,-0.03125 1.03125,-0.03125 1.03125,-0.96875 1.96875,-0.96875</Path>
          <Path>2.96875,-0.03125 2.03125,-0.03125 2.03125,-0.96875 2.96875,-0.96875</Path>
          <Path>3.96875,-0.03125 3.03125,-0.03125 3.03125,-0.96875 3.96875,-0.96875</Path>
          <Path>4.96875,-0.03125 4.03125,-0.03125 4.03125,-0.96875 4.96875,-0.96875</Path>
          <Path>5.96875,-0.03125 5.03125,-0.03125 5.03125,-0.96875 5.96875,-0.96875</Path>
          <Path>6.96875,-0.03125 6.03125,-0.03125 6.03125,-0.96875 6.96875,-0.96875</Path>
          <Path>7.96875,-0.03125 7.03125,-0.03125 7.03125,-0.96875 7.96875,-0.96875</Path>
          <Path>8.96875,-0.03125 8.03125,-0.03125 8.03125,-0.96875 8.96875,-0.96875</Path>
          <Path>9.96875,-0.03125 9.03125,-0.03125 9.03125,-0.96875 9.96875,-0.96875</Path>
          <Path>17.96875,-1.03125 17.03125,-1.03125 17.03125,-1.96875 17.96875,-1.96875</Path>
          <Path>18.96875,-1.03125 18.03125,-1.03125 18.03125,-1.96875 18.96875,-1.96875</Path>
          <Path>0.96875,-1.03125 0.03125,-1.03125 0.03125,-1.96875 0.96875,-1.96875</Path>
          <Path>1.96875,-1.03125 1.03125,-1.03125 1.03125,-1.96875 1.96875,-1.96875</Path>
          <Path>11.96875,-2.03125 11.03125,-2.03125 11.03125,-2.96875 11.96875,-2.96875</Path>
          <Path>12.96875,-2.03125 12.03125,-2.03125 12.03125,-2.96875 12.96875,-2.96875</Path>
          <Path>18.96875,-2.03125 18.03125,-2.03125 18.03125,-2.96875 18.96875,-2.96875</Path>
          <Path>0.96875,-2.03125 0.03125,-2.03125 0.03125,-2.96875 0.96875,-2.96875</Path>
          <Path>6.96875,-2.03125 6.03125,-2.03125 6.03125,-2.96875 6.96875,-2.96875</Path>
          <Path>7.96875,-2.03125 7.03125,-2.03125 7.03125,-2.96875 7.96875,-2.96875</Path>
          <Path>10.96875,-3.03125 10.03125,-3.03125 10.03125,-3.96875 10.96875,-3.96875</Path>
          <Path>13.96875,-3.03125 13.03125,-3.03125 13.03125,-3.96875 13.96875,-3.96875</Path>
          <Path>18.96875,-3.03125 18.03125,-3.03125 18.03125,-3.96875 18.96875,-3.96875</Path>
          <Path>0.96875,-3.03125 0.03125,-3.03125 0.03125,-3.96875 0.96875,-3.96875</Path>
          <Path>7.96875,-3.03125 7.03125,-3.03125 7.03125,-3.96875 7.96875,-3.96875</Path>
          <Path>18.96875,-4.03125 18.03125,-4.03125 18.03125,-4.96875 18.96875,-4.96875</Path>
          <Path>0.96875,-4.03125 0.03125,-4.03125 0.03125,-4.96875 0.96875,-4.96875</Path>
          <Path>10.96875,-5.03125 10.03125,-5.03125 10.03125,-5.96875 10.96875,-5.96875</Path>
          <Path>13.96875,-5.03125 13.03125,-5.03125 13.03125,-5.96875 13.96875,-5.96875</Path>
          <Path>18.96875,-5.03125 18.03125,-5.03125 18.03125,-5.96875 18.96875,-5.96875</Path>
          <Path>0.96875,-5.03125 0.03125,-5.03125 0.03125,-5.96875 0.96875,-5.96875</Path>
          <Path>7.96875,-5.03125 7.03125,-5.03125 7.03125,-5.96875 7.96875,-5.96875</Path>
          <Path>11.96875,-6.03125 11.03125,-6.03125 11.03125,-6.96875 11.96875,-6.96875</Path>
          <Path>12.96875,-6.03125 12.03125,-6.03125 12.03125,-6.96875 12.96875,-6.96875</Path>
          <Path>18.96875,-6.03125 18.03125,-6.03125 18.03125,-6.96875 18.96875,-6.96875</Path>
          <Path>0.96875,-6.03125 0.03125,-6.03125 0.03125,-6.96875 0.96875,-6.96875</Path>
          <Path>6.96875,-6.03125 6.03125,-6.03125 6.03125,-6.96875 6.96875,-6.96875</Path>
          <Path>7.96875,-6.03125 7.03125,-6.03125 7.03125,-6.96875 7.96875,-6.96875</Path>
          <Path>17.96875,-7.03125 17.03125,-7.03125 17.03125,-7.96875 17.96875,-7.96875</Path>
          <Path>18.96875,-7.03125 18.03125,-7.03125 18.03125,-7.96875 18.96875,-7.96875</Path>
          <Path>0.96875,-7.03125 0.03125,-7.03125 0.03125,-7.96875 0.96875,-7.96875</Path>
          <Path>1.96875,-7.03125 1.03125,-7.03125 1.03125,-7.96875 1.96875,-7.96875</Path>
          <Path>10.96875,-8.03125 10.03125,-8.03125 10.03125,-8.96875 10.96875,-8.96875</Path>
          <Path>11.96875,-8.03125 11.03125,-8.03125 11.03125,-8.96875 11.96875,-8.96875</Path>
          <Path>12.96875,-8.03125 12.03125,-8.03125 12.03125,-8.96875 12.96875,-8.96875</Path>
          <Path>13.96875,-8.03125 13.03125,-8.03125 13.03125,-8.96875 13.96875,-8.96875</Path>
          <Path>14.96875,-8.03125 14.03125,-8.03125 14.03125,-8.96875 14.96875,-8.96875</Path>
          <Path>15.96875,-8.03125 15.03125,-8.03125 15.03125,-8.96875 15.96875,-8.96875</Path>
          <Path>16.96875,-8.03125 16.03125,-8.03125 16.03125,-8.96875 16.96875,-8.96875</Path>
          <Path>17.96875,-8.03125 17.03125,-8.03125 17.03125,-8.96875 17.96875,-8.96875</Path>
          <Path>1.96875,-8.03125 1.03125,-8.03125 1.03125,-8.96875 1.96875,-8.96875</Path>
          <Path>2.96875,-8.03125 2.03125,-8.03125 2.03125,-8.96875 2.96875,-8.96875</Path>
          <Path>3.96875,-8.03125 3.03125,-8.03125 3.03125,-8.96875 3.96875,-8.96875</Path>
          <Path>4.96875,-8.03125 4.03125,-8.03125 4.03125,-8.96875 4.96875,-8.96875</Path>
          <Path>5.96875,-8.03125 5.03125,-8.03125 5.03125,-8.96875 5.96875,-8.96875</Path>
          <Path>6.96875,-8.03125 6.03125,-8.03125 6.03125,-8.96875 6.96875,-8.96875</Path>
          <Path>7.96875,-8.03125 7.03125,-8.03125 7.03125,-8.96875 7.96875,-8.96875</Path>
          <Path>8.96875,-8.03125 8.03125,-8.03125 8.03125,-8.96875 8.96875,-8.96875</Path>
          <Path>9.96875,-8.03125 9.03125,-8.03125 9.03125,-8.96875 9.96875,-8.96875</Path>
        </PolygonCollider2D>
      </GameObject>
    </GameObject>
  </Prefab>
  <ImportMesh filename="test-1.obj">IyBXYXZlZnJvbnQgT0JKIGZpbGUgYXV0b21hdGljYWxseSBnZW5lcmF0ZWQgYnkgVGlsZWQyVW5pdHkNCg0KIyBWZXJ0aWNlcyAoQ291bnQgPSAxOTYpDQp2IC0xIC0xIDANCnYgLTIgLTEgMA0KdiAtMiAwIDANCnYgLTEgMCAwDQp2IC0zIC0xIDANCnYgLTMgMCAwDQp2IC00IC0xIDANCnYgLTQgMCAwDQp2IC01IC0xIDANCnYgLTUgMCAwDQp2IC02IC0xIDANCnYgLTYgMCAwDQp2IC03IC0xIDANCnYgLTcgMCAwDQp2IC04IC0xIDANCnYgLTggMCAwDQp2IC05IC0xIDANCnYgLTkgMCAwDQp2IC0xMCAtMSAwDQp2IC0xMCAwIDANCnYgLTExIC0xIDANCnYgLTExIDAgMA0KdiAtMTIgLTEgMA0KdiAtMTIgMCAwDQp2IC0xMyAtMSAwDQp2IC0xMyAwIDANCnYgLTE0IC0xIDANCnYgLTE0IDAgMA0KdiAtMTUgLTEgMA0KdiAtMTUgMCAwDQp2IC0xNiAtMSAwDQp2IC0xNiAwIDANCnYgLTE3IC0xIDANCnYgLTE3IDAgMA0KdiAtMTggLTEgMA0KdiAtMTggMCAwDQp2IDAgLTIgMA0KdiAtMSAtMiAwDQp2IDAgLTEgMA0KdiAtMiAtMiAwDQp2IC0xNyAtMiAwDQp2IC0xOCAtMiAwDQp2IC0xOSAtMiAwDQp2IC0xOSAtMSAwDQp2IDAgLTMgMA0KdiAtMSAtMyAwDQp2IC02IC0zIDANCnYgLTcgLTMgMA0KdiAtNyAtMiAwDQp2IC02IC0yIDANCnYgLTggLTMgMA0KdiAtOCAtMiAwDQp2IC0xMSAtMyAwDQp2IC0xMiAtMyAwDQp2IC0xMiAtMiAwDQp2IC0xMSAtMiAwDQp2IC0xMyAtMyAwDQp2IC0xMyAtMiAwDQp2IC0xOCAtMyAwDQp2IC0xOSAtMyAwDQp2IDAgLTQgMA0KdiAtMSAtNCAwDQp2IC03IC00IDANCnYgLTggLTQgMA0KdiAtMTAgLTQgMA0KdiAtMTEgLTQgMA0KdiAtMTAgLTMgMA0KdiAtMTMgLTQgMA0KdiAtMTQgLTQgMA0KdiAtMTQgLTMgMA0KdiAtMTggLTQgMA0KdiAtMTkgLTQgMA0KdiAwIC01IDANCnYgLTEgLTUgMA0KdiAtMTggLTUgMA0KdiAtMTkgLTUgMA0KdiAwIC02IDANCnYgLTEgLTYgMA0KdiAtNyAtNiAwDQp2IC04IC02IDANCnYgLTggLTUgMA0KdiAtNyAtNSAwDQp2IC0xMCAtNiAwDQp2IC0xMSAtNiAwDQp2IC0xMSAtNSAwDQp2IC0xMCAtNSAwDQp2IC0xMyAtNiAwDQp2IC0xNCAtNiAwDQp2IC0xNCAtNSAwDQp2IC0xMyAtNSAwDQp2IC0xOCAtNiAwDQp2IC0xOSAtNiAwDQp2IDAgLTcgMA0KdiAtMSAtNyAwDQp2IC02IC03IDANCnYgLTcgLTcgMA0KdiAtNiAtNiAwDQp2IC04IC03IDANCnYgLTExIC03IDANCnYgLTEyIC03IDANCnYgLTEyIC02IDANCnYgLTEzIC03IDANCnYgLTE4IC03IDANCnYgLTE5IC03IDANCnYgMCAtOCAwDQp2IC0xIC04IDANCnYgLTIgLTggMA0KdiAtMiAtNyAwDQp2IC0xNyAtOCAwDQp2IC0xOCAtOCAwDQp2IC0xNyAtNyAwDQp2IC0xOSAtOCAwDQp2IC0xIC05IDANCnYgLTIgLTkgMA0KdiAtMyAtOSAwDQp2IC0zIC04IDANCnYgLTQgLTkgMA0KdiAtNCAtOCAwDQp2IC01IC05IDANCnYgLTUgLTggMA0KdiAtNiAtOSAwDQp2IC02IC04IDANCnYgLTcgLTkgMA0KdiAtNyAtOCAwDQp2IC04IC05IDANCnYgLTggLTggMA0KdiAtOSAtOSAwDQp2IC05IC04IDANCnYgLTEwIC05IDANCnYgLTEwIC04IDANCnYgLTExIC05IDANCnYgLTExIC04IDANCnYgLTEyIC05IDANCnYgLTEyIC04IDANCnYgLTEzIC05IDANCnYgLTEzIC04IDANCnYgLTE0IC05IDANCnYgLTE0IC04IDANCnYgLTE1IC05IDANCnYgLTE1IC04IDANCnYgLTE2IC05IDANCnYgLTE2IC04IDANCnYgLTE3IC05IDANCnYgLTE4IC05IDANCnYgLTMgLTIgMA0KdiAtNCAtMiAwDQp2IC01IC0yIDANCnYgLTkgLTIgMA0KdiAtMTAgLTIgMA0KdiAtMTQgLTIgMA0KdiAtMTUgLTIgMA0KdiAtMTYgLTIgMA0KdiAtMiAtMyAwDQp2IC0zIC0zIDANCnYgLTQgLTMgMA0KdiAtNSAtMyAwDQp2IC05IC0zIDANCnYgLTE1IC0zIDANCnYgLTE2IC0zIDANCnYgLTE3IC0zIDANCnYgLTIgLTQgMA0KdiAtMyAtNCAwDQp2IC00IC00IDANCnYgLTUgLTQgMA0KdiAtNiAtNCAwDQp2IC05IC00IDANCnYgLTEyIC00IDANCnYgLTE1IC00IDANCnYgLTE2IC00IDANCnYgLTE3IC00IDANCnYgLTIgLTUgMA0KdiAtMyAtNSAwDQp2IC00IC01IDANCnYgLTUgLTUgMA0KdiAtNiAtNSAwDQp2IC05IC01IDANCnYgLTEyIC01IDANCnYgLTE1IC01IDANCnYgLTE2IC01IDANCnYgLTE3IC01IDANCnYgLTIgLTYgMA0KdiAtMyAtNiAwDQp2IC00IC02IDANCnYgLTUgLTYgMA0KdiAtOSAtNiAwDQp2IC0xNSAtNiAwDQp2IC0xNiAtNiAwDQp2IC0xNyAtNiAwDQp2IC0zIC03IDANCnYgLTQgLTcgMA0KdiAtNSAtNyAwDQp2IC05IC03IDANCnYgLTEwIC03IDANCnYgLTE0IC03IDANCnYgLTE1IC03IDANCnYgLTE2IC03IDANCg0KIyBUZXh0dXJlIGNvb3JpZGluYXRlcyAoQ291bnQgPSA0KQ0KdnQgMC4wMDAxMjIwNzAzIDAuMDAwMTIyMDcwMw0KdnQgMC45OTk4Nzc5IDAuMDAwMTIyMDcwMw0KdnQgMC45OTk4Nzc5IDAuOTk5ODc3OQ0KdnQgMC4wMDAxMjIwNzAzIDAuOTk5ODc3OQ0KDQojIE5vcm1hbA0Kdm4gMCAwIC0xDQoNCiMgR3JvdXBzIChDb3VudCA9IDEpDQoKZyBtZXNoXzAwMDEKZiAxLzEvMSAyLzIvMSAzLzMvMSA0LzQvMQpmIDIvMS8xIDUvMi8xIDYvMy8xIDMvNC8xCmYgNS8xLzEgNy8yLzEgOC8zLzEgNi80LzEKZiA3LzEvMSA5LzIvMSAxMC8zLzEgOC80LzEKZiA5LzEvMSAxMS8yLzEgMTIvMy8xIDEwLzQvMQpmIDExLzEvMSAxMy8yLzEgMTQvMy8xIDEyLzQvMQpmIDEzLzEvMSAxNS8yLzEgMTYvMy8xIDE0LzQvMQpmIDE1LzEvMSAxNy8yLzEgMTgvMy8xIDE2LzQvMQpmIDE3LzEvMSAxOS8yLzEgMjAvMy8xIDE4LzQvMQpmIDE5LzEvMSAyMS8yLzEgMjIvMy8xIDIwLzQvMQpmIDIxLzEvMSAyMy8yLzEgMjQvMy8xIDIyLzQvMQpmIDIzLzEvMSAyNS8yLzEgMjYvMy8xIDI0LzQvMQpmIDI1LzEvMSAyNy8yLzEgMjgvMy8xIDI2LzQvMQpmIDI3LzEvMSAyOS8yLzEgMzAvMy8xIDI4LzQvMQpmIDI5LzEvMSAzMS8yLzEgMzIvMy8xIDMwLzQvMQpmIDMxLzEvMSAzMy8yLzEgMzQvMy8xIDMyLzQvMQpmIDMzLzEvMSAzNS8yLzEgMzYvMy8xIDM0LzQvMQpmIDM3LzEvMSAzOC8yLzEgMS8zLzEgMzkvNC8xCmYgMzgvMS8xIDQwLzIvMSAyLzMvMSAxLzQvMQpmIDQxLzEvMSA0Mi8yLzEgMzUvMy8xIDMzLzQvMQpmIDQyLzEvMSA0My8yLzEgNDQvMy8xIDM1LzQvMQpmIDQ1LzEvMSA0Ni8yLzEgMzgvMy8xIDM3LzQvMQpmIDQ3LzEvMSA0OC8yLzEgNDkvMy8xIDUwLzQvMQpmIDQ4LzEvMSA1MS8yLzEgNTIvMy8xIDQ5LzQvMQpmIDUzLzEvMSA1NC8yLzEgNTUvMy8xIDU2LzQvMQpmIDU0LzEvMSA1Ny8yLzEgNTgvMy8xIDU1LzQvMQpmIDU5LzEvMSA2MC8yLzEgNDMvMy8xIDQyLzQvMQpmIDYxLzEvMSA2Mi8yLzEgNDYvMy8xIDQ1LzQvMQpmIDYzLzEvMSA2NC8yLzEgNTEvMy8xIDQ4LzQvMQpmIDY1LzEvMSA2Ni8yLzEgNTMvMy8xIDY3LzQvMQpmIDY4LzEvMSA2OS8yLzEgNzAvMy8xIDU3LzQvMQpmIDcxLzEvMSA3Mi8yLzEgNjAvMy8xIDU5LzQvMQpmIDczLzEvMSA3NC8yLzEgNjIvMy8xIDYxLzQvMQpmIDc1LzEvMSA3Ni8yLzEgNzIvMy8xIDcxLzQvMQpmIDc3LzEvMSA3OC8yLzEgNzQvMy8xIDczLzQvMQpmIDc5LzEvMSA4MC8yLzEgODEvMy8xIDgyLzQvMQpmIDgzLzEvMSA4NC8yLzEgODUvMy8xIDg2LzQvMQpmIDg3LzEvMSA4OC8yLzEgODkvMy8xIDkwLzQvMQpmIDkxLzEvMSA5Mi8yLzEgNzYvMy8xIDc1LzQvMQpmIDkzLzEvMSA5NC8yLzEgNzgvMy8xIDc3LzQvMQpmIDk1LzEvMSA5Ni8yLzEgNzkvMy8xIDk3LzQvMQpmIDk2LzEvMSA5OC8yLzEgODAvMy8xIDc5LzQvMQpmIDk5LzEvMSAxMDAvMi8xIDEwMS8zLzEgODQvNC8xCmYgMTAwLzEvMSAxMDIvMi8xIDg3LzMvMSAxMDEvNC8xCmYgMTAzLzEvMSAxMDQvMi8xIDkyLzMvMSA5MS80LzEKZiAxMDUvMS8xIDEwNi8yLzEgOTQvMy8xIDkzLzQvMQpmIDEwNi8xLzEgMTA3LzIvMSAxMDgvMy8xIDk0LzQvMQpmIDEwOS8xLzEgMTEwLzIvMSAxMDMvMy8xIDExMS80LzEKZiAxMTAvMS8xIDExMi8yLzEgMTA0LzMvMSAxMDMvNC8xCmYgMTEzLzEvMSAxMTQvMi8xIDEwNy8zLzEgMTA2LzQvMQpmIDExNC8xLzEgMTE1LzIvMSAxMTYvMy8xIDEwNy80LzEKZiAxMTUvMS8xIDExNy8yLzEgMTE4LzMvMSAxMTYvNC8xCmYgMTE3LzEvMSAxMTkvMi8xIDEyMC8zLzEgMTE4LzQvMQpmIDExOS8xLzEgMTIxLzIvMSAxMjIvMy8xIDEyMC80LzEKZiAxMjEvMS8xIDEyMy8yLzEgMTI0LzMvMSAxMjIvNC8xCmYgMTIzLzEvMSAxMjUvMi8xIDEyNi8zLzEgMTI0LzQvMQpmIDEyNS8xLzEgMTI3LzIvMSAxMjgvMy8xIDEyNi80LzEKZiAxMjcvMS8xIDEyOS8yLzEgMTMwLzMvMSAxMjgvNC8xCmYgMTI5LzEvMSAxMzEvMi8xIDEzMi8zLzEgMTMwLzQvMQpmIDEzMS8xLzEgMTMzLzIvMSAxMzQvMy8xIDEzMi80LzEKZiAxMzMvMS8xIDEzNS8yLzEgMTM2LzMvMSAxMzQvNC8xCmYgMTM1LzEvMSAxMzcvMi8xIDEzOC8zLzEgMTM2LzQvMQpmIDEzNy8xLzEgMTM5LzIvMSAxNDAvMy8xIDEzOC80LzEKZiAxMzkvMS8xIDE0MS8yLzEgMTQyLzMvMSAxNDAvNC8xCmYgMTQxLzEvMSAxNDMvMi8xIDEwOS8zLzEgMTQyLzQvMQpmIDE0My8xLzEgMTQ0LzIvMSAxMTAvMy8xIDEwOS80LzEKCmcgbWVzaF8wMDAyCmYgNDAvMS8xIDE0NS8yLzEgNS8zLzEgMi80LzEKZiAxNDUvMS8xIDE0Ni8yLzEgNy8zLzEgNS80LzEKZiAxNDYvMS8xIDE0Ny8yLzEgOS8zLzEgNy80LzEKZiAxNDcvMS8xIDUwLzIvMSAxMS8zLzEgOS80LzEKZiA1MC8xLzEgNDkvMi8xIDEzLzMvMSAxMS80LzEKZiA0OS8xLzEgNTIvMi8xIDE1LzMvMSAxMy80LzEKZiA1Mi8xLzEgMTQ4LzIvMSAxNy8zLzEgMTUvNC8xCmYgMTQ4LzEvMSAxNDkvMi8xIDE5LzMvMSAxNy80LzEKZiAxNDkvMS8xIDU2LzIvMSAyMS8zLzEgMTkvNC8xCmYgNTYvMS8xIDU1LzIvMSAyMy8zLzEgMjEvNC8xCmYgNTUvMS8xIDU4LzIvMSAyNS8zLzEgMjMvNC8xCmYgNTgvMS8xIDE1MC8yLzEgMjcvMy8xIDI1LzQvMQpmIDE1MC8xLzEgMTUxLzIvMSAyOS8zLzEgMjcvNC8xCmYgMTUxLzEvMSAxNTIvMi8xIDMxLzMvMSAyOS80LzEKZiAxNTIvMS8xIDQxLzIvMSAzMy8zLzEgMzEvNC8xCmYgNDYvMS8xIDE1My8yLzEgNDAvMy8xIDM4LzQvMQpmIDE1My8xLzEgMTU0LzIvMSAxNDUvMy8xIDQwLzQvMQpmIDE1NC8xLzEgMTU1LzIvMSAxNDYvMy8xIDE0NS80LzEKZiAxNTUvMS8xIDE1Ni8yLzEgMTQ3LzMvMSAxNDYvNC8xCmYgMTU2LzEvMSA0Ny8yLzEgNTAvMy8xIDE0Ny80LzEKZiA1MS8xLzEgMTU3LzIvMSAxNDgvMy8xIDUyLzQvMQpmIDE1Ny8xLzEgNjcvMi8xIDE0OS8zLzEgMTQ4LzQvMQpmIDY3LzEvMSA1My8yLzEgNTYvMy8xIDE0OS80LzEKZiA1Ny8xLzEgNzAvMi8xIDE1MC8zLzEgNTgvNC8xCmYgNzAvMS8xIDE1OC8yLzEgMTUxLzMvMSAxNTAvNC8xCmYgMTU4LzEvMSAxNTkvMi8xIDE1Mi8zLzEgMTUxLzQvMQpmIDE1OS8xLzEgMTYwLzIvMSA0MS8zLzEgMTUyLzQvMQpmIDE2MC8xLzEgNTkvMi8xIDQyLzMvMSA0MS80LzEKZiA2Mi8xLzEgMTYxLzIvMSAxNTMvMy8xIDQ2LzQvMQpmIDE2MS8xLzEgMTYyLzIvMSAxNTQvMy8xIDE1My80LzEKZiAxNjIvMS8xIDE2My8yLzEgMTU1LzMvMSAxNTQvNC8xCmYgMTYzLzEvMSAxNjQvMi8xIDE1Ni8zLzEgMTU1LzQvMQpmIDE2NC8xLzEgMTY1LzIvMSA0Ny8zLzEgMTU2LzQvMQpmIDE2NS8xLzEgNjMvMi8xIDQ4LzMvMSA0Ny80LzEKZiA2NC8xLzEgMTY2LzIvMSAxNTcvMy8xIDUxLzQvMQpmIDE2Ni8xLzEgNjUvMi8xIDY3LzMvMSAxNTcvNC8xCmYgNjYvMS8xIDE2Ny8yLzEgNTQvMy8xIDUzLzQvMQpmIDE2Ny8xLzEgNjgvMi8xIDU3LzMvMSA1NC80LzEKZiA2OS8xLzEgMTY4LzIvMSAxNTgvMy8xIDcwLzQvMQpmIDE2OC8xLzEgMTY5LzIvMSAxNTkvMy8xIDE1OC80LzEKZiAxNjkvMS8xIDE3MC8yLzEgMTYwLzMvMSAxNTkvNC8xCmYgMTcwLzEvMSA3MS8yLzEgNTkvMy8xIDE2MC80LzEKZiA3NC8xLzEgMTcxLzIvMSAxNjEvMy8xIDYyLzQvMQpmIDE3MS8xLzEgMTcyLzIvMSAxNjIvMy8xIDE2MS80LzEKZiAxNzIvMS8xIDE3My8yLzEgMTYzLzMvMSAxNjIvNC8xCmYgMTczLzEvMSAxNzQvMi8xIDE2NC8zLzEgMTYzLzQvMQpmIDE3NC8xLzEgMTc1LzIvMSAxNjUvMy8xIDE2NC80LzEKZiAxNzUvMS8xIDgyLzIvMSA2My8zLzEgMTY1LzQvMQpmIDgyLzEvMSA4MS8yLzEgNjQvMy8xIDYzLzQvMQpmIDgxLzEvMSAxNzYvMi8xIDE2Ni8zLzEgNjQvNC8xCmYgMTc2LzEvMSA4Ni8yLzEgNjUvMy8xIDE2Ni80LzEKZiA4Ni8xLzEgODUvMi8xIDY2LzMvMSA2NS80LzEKZiA4NS8xLzEgMTc3LzIvMSAxNjcvMy8xIDY2LzQvMQpmIDE3Ny8xLzEgOTAvMi8xIDY4LzMvMSAxNjcvNC8xCmYgOTAvMS8xIDg5LzIvMSA2OS8zLzEgNjgvNC8xCmYgODkvMS8xIDE3OC8yLzEgMTY4LzMvMSA2OS80LzEKZiAxNzgvMS8xIDE3OS8yLzEgMTY5LzMvMSAxNjgvNC8xCmYgMTc5LzEvMSAxODAvMi8xIDE3MC8zLzEgMTY5LzQvMQpmIDE4MC8xLzEgNzUvMi8xIDcxLzMvMSAxNzAvNC8xCmYgNzgvMS8xIDE4MS8yLzEgMTcxLzMvMSA3NC80LzEKZiAxODEvMS8xIDE4Mi8yLzEgMTcyLzMvMSAxNzEvNC8xCmYgMTgyLzEvMSAxODMvMi8xIDE3My8zLzEgMTcyLzQvMQpmIDE4My8xLzEgMTg0LzIvMSAxNzQvMy8xIDE3My80LzEKZiAxODQvMS8xIDk3LzIvMSAxNzUvMy8xIDE3NC80LzEKZiA5Ny8xLzEgNzkvMi8xIDgyLzMvMSAxNzUvNC8xCmYgODAvMS8xIDE4NS8yLzEgMTc2LzMvMSA4MS80LzEKZiAxODUvMS8xIDgzLzIvMSA4Ni8zLzEgMTc2LzQvMQpmIDg0LzEvMSAxMDEvMi8xIDE3Ny8zLzEgODUvNC8xCmYgMTAxLzEvMSA4Ny8yLzEgOTAvMy8xIDE3Ny80LzEKZiA4OC8xLzEgMTg2LzIvMSAxNzgvMy8xIDg5LzQvMQpmIDE4Ni8xLzEgMTg3LzIvMSAxNzkvMy8xIDE3OC80LzEKZiAxODcvMS8xIDE4OC8yLzEgMTgwLzMvMSAxNzkvNC8xCmYgMTg4LzEvMSA5MS8yLzEgNzUvMy8xIDE4MC80LzEKZiA5NC8xLzEgMTA4LzIvMSAxODEvMy8xIDc4LzQvMQpmIDEwOC8xLzEgMTg5LzIvMSAxODIvMy8xIDE4MS80LzEKZiAxODkvMS8xIDE5MC8yLzEgMTgzLzMvMSAxODIvNC8xCmYgMTkwLzEvMSAxOTEvMi8xIDE4NC8zLzEgMTgzLzQvMQpmIDE5MS8xLzEgOTUvMi8xIDk3LzMvMSAxODQvNC8xCmYgOTgvMS8xIDE5Mi8yLzEgMTg1LzMvMSA4MC80LzEKZiAxOTIvMS8xIDE5My8yLzEgODMvMy8xIDE4NS80LzEKZiAxOTMvMS8xIDk5LzIvMSA4NC8zLzEgODMvNC8xCmYgMTAyLzEvMSAxOTQvMi8xIDg4LzMvMSA4Ny80LzEKZiAxOTQvMS8xIDE5NS8yLzEgMTg2LzMvMSA4OC80LzEKZiAxOTUvMS8xIDE5Ni8yLzEgMTg3LzMvMSAxODYvNC8xCmYgMTk2LzEvMSAxMTEvMi8xIDE4OC8zLzEgMTg3LzQvMQpmIDExMS8xLzEgMTAzLzIvMSA5MS8zLzEgMTg4LzQvMQpmIDEwNy8xLzEgMTE2LzIvMSAxODkvMy8xIDEwOC80LzEKZiAxMTYvMS8xIDExOC8yLzEgMTkwLzMvMSAxODkvNC8xCmYgMTE4LzEvMSAxMjAvMi8xIDE5MS8zLzEgMTkwLzQvMQpmIDEyMC8xLzEgMTIyLzIvMSA5NS8zLzEgMTkxLzQvMQpmIDEyMi8xLzEgMTI0LzIvMSA5Ni8zLzEgOTUvNC8xCmYgMTI0LzEvMSAxMjYvMi8xIDk4LzMvMSA5Ni80LzEKZiAxMjYvMS8xIDEyOC8yLzEgMTkyLzMvMSA5OC80LzEKZiAxMjgvMS8xIDEzMC8yLzEgMTkzLzMvMSAxOTIvNC8xCmYgMTMwLzEvMSAxMzIvMi8xIDk5LzMvMSAxOTMvNC8xCmYgMTMyLzEvMSAxMzQvMi8xIDEwMC8zLzEgOTkvNC8xCmYgMTM0LzEvMSAxMzYvMi8xIDEwMi8zLzEgMTAwLzQvMQpmIDEzNi8xLzEgMTM4LzIvMSAxOTQvMy8xIDEwMi80LzEKZiAxMzgvMS8xIDE0MC8yLzEgMTk1LzMvMSAxOTQvNC8xCmYgMTQwLzEvMSAxNDIvMi8xIDE5Ni8zLzEgMTk1LzQvMQpmIDE0Mi8xLzEgMTA5LzIvMSAxMTEvMy8xIDE5Ni80LzEKDQo=</ImportMesh>
  <ImportTexture filename="wall-tile-1.png">iVBORw0KGgoAAAANSUhEUgAAAQAAAAEACAIAAADTED8xAAAACXBIWXMAAA9hAAAPYQGoP6dpAAAAFnpUWHRUaXRsZQAAeNorzctLzE1NAQAL7QLpKmgsOAAAABh6VFh0QXV0aG9yAAB42kstTU/NyywtBgAPFgNm4EWOBgAAFlRJREFUeNrtXYuS27qRRZMUx9nY2Wyl8ov5s3xdtioPO7kz4qPTACh5xqPRiAABosGDUvnOtTUihH6dAzS66a9/+Wb2Hmc+fZ+/zaZZ9VuNmb8133saUk9v4NO/1k+PDP+Ofvt9858UU/rH/L8yq7W/1dH4f80/4iTVf5+/rl0KGU/08ofmuylvNGVMg7L/4ooxmpaDHtTQnGhKYfNpzbzXUhQ7ijCAsDWl0F9cO2ZugqbHnZmSzCdUahRnAPJcWQoYQAr/z0FmE/iLeeKMzC1RBJhEC5kyfY23fmoOVxiCAWgdHBRqGpLAMaeZDwXMRwySzLzXGs4wgDSrw1mmF7ZKnCxABS5XGxeRbEwL/0YwgE9WJ8SllRw30k1P3D8FLjHH6crc0BSMVych4TCAbT15k8UGOHCVKJ1pBX3tDSJSa6ZgXBe2l3AIA5i4aCrCGX+r8HGikSgoAjCVuSCKt0GtL6Ry1YwKM8hNbFLcfxu0tyuSIhjA1tpCVKeffeSLhy0xbaExgRAo3bGgegNwoHa1bET3R26LVVJOuFxz0Mdvsw1KoSJu0xwLVmEAFMjP5iwbC2FzSxqdArDfhnAx4Ks1pkT3X04EmAPWNO5gUrEBNCbkiM1uYm4xJaLVwrJZITTBAD4cEhzDDICzMCvKaDYPgum1K+YRyCYovBUevFKb5f1l4p9SDEDcQ4BsxJ/l2QVq15/+WIVLxvnEl8uKrfKp/v2b4BBR5VXm55ICRxjAZxJdHwSajST6GHiYU//KOpdhRnk9+Ai3vPb9G3mr8USj/Jno/Uc0ABk9vawOrFbJpixrNK2FsM7dJpyb06rBHkt95jXkDSf35g1V0D7aPPSBdp5G5jmYUkdXyjxo6nmwGeeP2aQLxGMeaiVPaVmCePtgNkueufV09nvHA3cfLZr4ftF+eae8tuVs9gOFgJEZubuj/b0Z5J3F4p+CDMCJaphMc+b+0zMBt6tgA2s2CCTPEu1/5DpItrnJg57oxWVozqPpRn5zV8tvvAjskVUVFdyckbvgY7fv5OkT/+oarAugyT7aDMWCn7IMwLs058nEs53u6JnIsrdCHbb1ahrn5m1AtM0agNinfZFZ9kknbwDp9E8+WR4t5G2kTmxgdrcUfMp0e7G98o/qu6JmI+J0/2UJrDfxhl1xG9OHyzsxN6uIom0z2fuKPw2A5gzh0Rn8uTfniZbw6O/BlYx5ijYAWb4v9CySG8w0GdEzL9TGZaLPdgfa+pUxp+9XMbdl32m/ZBuPeYzC0RU4J9Eh8Woju5hO9v4rueuFPqzve6he8tww9jUAYmoNLTTRg7/3P9/5p1/edrL/O7P7y8s/CQoXp3v3E1h0srn/IPM2/S5gqp3jf3wBuO6fBAGfbs7tkS97f03iPyHDg+JXdd1UeSKeCjKAv/3tTwnNtJu+fv1+Oo1vMYkdP378/vn5C+fNNhev/+XL89ev/34/n/c/yxiHk8xzHLucs7ozn8vSfX1+ftpw6dwEXr5+/fHImvj/HYbux49v4xiY1PjnP/9/NHTcCiFj3Btc5BJxAZ9J+16eawpeyvIVSI2Yy3UMYTf8yzOAHCsFMdc3iHaWrBoIpFqBdhczwKF2CKQdQjBoUt0cAAoEDqBy6DAAQAiMQxsASGTVHAAGcAgOgHFHuOoNgNIrEEHMIMHFGkDy76CcA4AEFypWNQdh5XEAOoz11ixWLRCoQA/Kmq03ndRo/TLWwAEwNHIYJMPVkAynglyCA4ADpFophpi1uQNwgBpIcJmTVxdnkAx3CAiBZLhCRwcFwqiJHc2mGV2hLjaNa0xGvjvgpVbx0umVl/ZCrMUAcBAGEvy53p/5abwU8ONLoa6rC6VbUEWNAajmADgISyrWM/cDn87mNL2tD2ne9l/kW2RViwHo9qBIZU0EbkW/X/jpzCcxgLB2Qd12CorNDXCY3K7NaX9/v2DragO4lEG2H/lwnccMyXC4EVYnB4gJj6L6MdpvDeBf87erkFxp1aXrkC/65zAU+548vjfOXtWutXMAoKCPxBpDkEbuOC60dhJEHnHrZ77UvHZlr9+FhQzi5cOKGRzgozFF98ntHp4m+bLg9sVNT+dT1lBARxYzOEC60a0UIwndZuvQbEh/BYeQDAcOEAgO9x0hu0C2LZRtDzWH9ffdeqWQDKc4VGpNhhMbGNzmK0hwYZPXmAyn0AAs/+B2zHeOhqoQddMAjQZg2XAbT8MPQyJBgkt0bVHp0LOhmTNdqUEyHEjw+xHfjS9KfX3C3VE5AKpC7C/WzrYr5t0MgFym9VE9KKpCbPKZUeDWd2WOUcIuznr40poTAFcjh1FfFeLT5s0JDcC3hr2AMByEgQPswAFuNW+2Peuv2OSXSzCvWlAufxthAC41qICVwkGYOnewMTi837zZMlWXSjwvi0Mm/kqkPO9Eg7yyrTsOwvZDNQrAoah7b9H4cFsZaVMSLNrfm0Fer8gHqkJo5AAVU5E0HEA03vp+0X4XdKBAVfvmQ2C27kG9d4UlLOU90c37AMkhhP6DMIwSRyfg6ZfzLH8FTGiEaLn9YVHBuXXpn7vcCMONKuCfVAbwrfnhS6n4S/Vua3/x9KL9JXlQJMMBBSUwAEHzvTF288jNw7v/8r4DkuEq1v4CSHC0s0eLpLojWLViRYukHB4dyXDFihUtknIEPSTDFQtu0SIpm7UgGa5E14YWSeAA4AC6VwrJcOrcQYUc4IAkuMzJo0VSnQaAZDiMQxsAFKjWUQkJrp8tgQSDBIMDBNJNHISBBNfnQXEQtslnVkKC0SJJI4fBQZiagzC0SKqWA+wbHpEKcQgxl8wB9iVIWiCQ+oMw8OC6OQAghEYOAMkiGQ4GvDc43HfoiAB3IQSS4dS5g4KQrQ4DKJJEUpFiRjLcutH9ff5ja2uf2PIntu8dzdfCorzIbjaXQtD71YnQfRBWKgcgJZ+Z0gBG7safc+dL/Vx+9W3Ylxpt2ZYa7cx4qzQQqkIopea7f2ZJfYJ5KZz7TqGXv+LO+GbxtjTi264EqAoBEqxSrN0a06aBXQl2Y4sIPdELZRQqkuGqHLuLdXV5dNH+s2sPLNp/6c8BDqDOesvhAHuT4CDJ21DQvCkVCoCukcOAA4R2iJE4MAqBNt2lSQwOwsAB9uQAViF9hxjTTNzyuxamfpPTuCKIfmunodlx2tAx2k7xtiNNnr1RHITth2pK5wBn7h077ZwNNJ+27l24K/t9nXCfTLMrK+0aRSIZrpDJH+sgTJTwhZ+ElK7qEnm1EPkhqk2q7RS/fBZaJGnkAOqH0/5eDCC4YXsFVSGgWKpHlGsT1Y/R/lgDsPkRWRyz9mS4jBFMmTuIZEeCfDjuKzcRKy3aP106xSdfJtUcICMJVgYUiaImHNYdfhsDsHlBNOVKj9PNASLFfAAUtNtoQn9ttllxZsz1HRhiBgcoxQAE/Phmqa/SQhkKVHEEqxjcdustZhbtt6316IzAfRAOkxIc7pwp2K0ROPv7AOL736VDZxCv7mS4IhNCkQxnOtHm5RoA06VT6k/ZvrkQY+5ciAH+KVrMGX2KtmS4Pzb/NC6XaGKfREEuXK+9EolkOHCAQA4QM8QpR+6E/uwTnGdHP8FKIRlOcaiMpEYCRmZudjsJVrRSh5n8sZLhektHh5ibiZ0WFUIyHMb7cbmTyKuyQTUaABSo1hHl2sT3f6FnAfCDJQOP3gfQaACoCgESfAcInYUMWO2n9rqdw8t2zmv3yX6bZ2a63hdTYwCoClGn/99IrBIEeruLM3wqGXeRqxHqPLrrXOAAOegmqkKUA24FNbVmamk6ibUQWiQdmsPgIExPiyQkw4EDlGwAIMHgACqpHVokHZPBAxwqg0A4CKvbBgCB6lcgwKCb4HBnsYIDHELMAIfqDQAcABzgyAYADoBRtAGgRRKGStem5iAMyXCVkmBwgAPAaByEVU+CD1gVAiQYJDgrhICYwQGOywFQFQIc4NgcAFUhqgyV4ACHgNGoClE9B0AyHDjAoSMAFKja8JUYHBKyQXWwJdVihljVGwCqQgACpRjdv+f/8S2zfe1bKtRRoSrEzjac7DP3Lo/+G//Ot8y2Te9sKyt2NkDXebkf2L9aZySNed8dDFUhNHIYVIUwS5dJ/+f02UyIbaMA0f6WR98nJqOCoipEnRxAU4skme1k2onbVv40tgzdE70QRFu8mEvmAGpaJL0ekysr573yF3pGMlzhYgY43NgAfDQ488nYdtlzTwPwj0IOAHAYVxxXbGDkbrCceNxPgZAMpxscbj587dt5IbeN29dZ1NXB9Z/bOSa+OrSlBK4u+34rhWQ4xaFyW2ok7nh02ugJqjt/JH7nhMj1ffQ/bFAdehKDM62ulVIt5pqYEhFv9LUFkPcDn7wBfN4jg7eAQEvEkXBDqU+USTkJBv65ExspXvtf+MkZQDevTG7YwgCWWAMSmVbMIMEfDVF99zoFtIvcwHPbBApCVQiQ4H3Eardh+CS+P6xZ6hYGcK+BdsUcAMlwRYjVgn6zGvlsaQCtyw46ngdFMtwmnxkFbkXvhfLGbEI20do/tWbsaDIY+jiM+mQ4t9/f7tYp3m6jks2KSw+BGMlw4AC3IgDNcYrRxGi/b1T/KicUJBgcQBm1C9wGbV36g2j/pVc9qkJUO/mSY3tjU9GivEsn6OUKoT7FUmQu9wHML/cBACHqhnCFUhG7A8kTLS3ggwzgD8338ZLbzI5Wuxk1/Fbv3cu07iLYrRthDAXag3HWAILiELx1x52ZhtCknu5Eg2+ZDRhdrJhBgu+C+FFeLiGtCTIhwOj0Og0S/LFYY5fG7UMOAsjDbiZ2WhZK+UFYsbU2SvjM2GkIF/UcYJ9kuCwhvgIOgIOwVK5NfL+/my6U4NF06K0NAMlw6iJYKRxgE3DrbaA1k0sNun0h5vrza/Po1GiQcg6Ao4CPxLqhaxM+IIR4psuVSPr1SqQta8KN3+SUP4U6a4FA6pPhioxgdVaGszv1ND84wcZgZLIWcIASXRtaJIED7MwB9h1okVSZmNEiqVIDQDJcGaG4NnCoqE0qkuEwjmsAUKBaB1okKWFLIMEgweAAgXQTyXAgwfV5UFSF2OQzKyHBAOgaOQwOwmo4CEME080B9g2PSIU4hJhL5gD7EiRFEAgtkgAOjwuB0CKpbhsABApXIIKYNYPDncWnwwDuQgiGmPWGSpwDHIJEIhmu2AnjIAx6WYJw1RsAqkJUz+PrdG2oCoEItjO4zTlsqQjniXwNFYOqEHk8Og4B9hWr6P3Ana2Vwq3vJ+AvzndmQmW4HEEPyXDZwO3oFH2yRYF8mWer/fI3zHR1/8tE7d4caymLoj7UIxkutWsTLfftIq0BuOJw9+vD+Tdo4QCoCgEOcG+I3ttG2eY0ruyX2ulfKVSFUByKNwGHo9X+p7PT/rW/qyYZDgdhZYTi4sCh+HtR/TDttxHgzCdXNJQu5dXZmQU7sVmWMFrivJQalb/ZqUMMqkLUTZBiwI/g/kDttwbwff72i369bTTws6CuvCy1tg3C5pYz9whDi6RaR6xYR9NNEY2y1zUUsG1ZuRttl8ilArWvy14XjAY0V8OO/IaP/BluAMEP9n315Ocv9FwXjIb1qmFHSxn0iBG+C2TJh+UPlhWkx0Kk/UYYRgpw++lm/6ejiZs7CfkIaMx0PA4AEpzEtfkGvrsZwALCXFcmoIiKI1hSscaER9soe18DcDYgOKw9nuzQImkbcBjj2loztXZbctrTABwRaZIvFKFF0p42nOwzY8FhZ0axgV0NYGnHh6GOA9SQDOe6ZA8djaH2Ez0aM6d3z0iGq5YDRK8s92aw3SDJBJwHb2EAlojM+60UkuHUuYM34DB+iPtnt8riiHfIBm1ddpCKlVIt5v1QjQJweKKxIW55Hlyv7OnhZvFdtPYLBx87Sm0ASIbDeEAVaeqMuxBDrUviXK6A+TzOS3xkt3PKGxiAvVFGNisuPQSCAtU6NnZtvln8FQz6nB22TeMtVn+/YdrFaH9Pg3vlyAnFQRhIcHBY2B4Cics/Oe1/opfqYPT2dBPJcMWKtVsvdhaT6s1wyuX7S/WgqAqxyWfuDG67W/D9za6+vyzmX76USk8v726EAaBr5DBokWS6b83311ciXXa1FdXEnkE77bd3Iy2BeKf3SZeyJhIMDlAoOOwEx+cLj0clweAAxYJDVIU4JoMHONzYAFAVom4Ip46K5DYAKFDRYi4YHKJF0mMQQjkHgPuvnAMkJ5HgAMA/R4ZAaJFUcxiowADQIqloMcO1pTYAtEiqO4JVK9ZGjQYhGQ4k+MAQyCAZTgkqU5YMp4gE6w71SIYDB0ikQKgKAQ5QewS4exCGqhCKQyU4gHYYXdrkD1oV4ggQCMlwGEeFQE0zI5ug0rEzO6K//uXbVh/F1F2D/fWK2bU+kYPxP3++/tP7t938p1Vvi/+Ech70yScwMzWpp/qg+LKuCY/EG1Sj2rBPMBMPV2OmW+SAPuYND/5Ttk/Q9CA+7pocBQJhYCQaHZZA3ZhN81jzZswNBlDdOHM/cDfZCpiNb03S8OyK/uVv3qxpbjUYwFLn0dHrm3Uekzq2a0fOxj09vz+TL/7CT2fXFf11Z1w/t12aN6uYm3oDkMUdZGVdzev5UsJI4qsrBSx+ZUi6oKNtDN5dwvrFANjG9M6WxR6zrYPTsF6U7KPC3/mbN6uYm24DEP07m5MYwPuG4C1PLYl2tr0ZUiiia4Tce9sb39abt2WxjTM/Y+tDZnBpXr3uaNirOWdr3qxgbroNQADlWVyLOd1sfWPLwC814OVlWyQkiOn9zS7ILig5pOsq0KcO6/IUedyDvU+W5s2Wd2YoW796buJQhBLkmZtuAxD9tq7lA+1/HSLcYSLbBiHbsQLn1fr7Xk1k71yaDQhJq2SPNvp108O9aK/Nm3tKrmRr52YXzZxOfM4wt0dGuecA4iqGz7T/agODg0kb4i779Ae8mg8FA58C2rOt8bLt2lbknrRk2R4QA1inRRK3JbAXomaFGoBTwe5xrVr7/k8+zVji+2DzY7vz7d6fdg9qpaQCfiV8biuN04I0tyMEA7gXxEWlHm/3J+90cb/dRKLiPld5XP/+dBK9VOpep2QT54gAzDSvT1Cwe6NZpqfYANbKz20TbdP4Xp6+SuG8+bltvjRKFpQCk2ez3ZXO54BvNBkYwF2fGuDzmDdpfE8BvtxBDirMACiLAs1hBsCAQPf1aUd5B5TyTFr9s2wDmMLmVki91BINYC0C2TboO88U8PSELq3ku0AdTSGL9ep2AQzgBgrPFjdue/NA2zti3QcOv9LFMIAPFyYsPk5bbK5R9l/UoSlbYz+CAdzRJCIOE8bAFSZ4U2EGuclocRL84ZxCl0bcf/zmGl/6ZK7VNi4sBlCWZJuwva9yjLNEA2jNRKG6O0cfSLGhMA6QLqZz2d48aHoMDpAE9/oLAzEPnsIPEziZelGQaPNgDArVPBhAkavjkqsDIBAnigAu2SZsPhjHiwBhB5PxDxbWnojVzdyExjTOIicKxqswgM2D8Qa3dYPPsxJBjjH0WLDJss0S3L+zkG3QDTcNN60Mx23A+sgj20am0ZuIqmPT3AaJU4yvT1EFbZr6wIgkFkBPJnFlOCOSmoPOgpvO17sMrQw3EG9g4f8FhUjLAUV5XPAAAAAASUVORK5CYII=</ImportTexture>
  <ImportTexture filename="floor-tile-2.png">iVBORw0KGgoAAAANSUhEUgAAAQAAAAEACAYAAABccqhmAAAACXBIWXMAAA9hAAAPYQGoP6dpAAAAFnpUWHRUaXRsZQAAeNorzctLzE1NAQAL7QLpKmgsOAAAABh6VFh0QXV0aG9yAAB42kstTU/NyywtBgAPFgNm4EWOBgAAIABJREFUeNrtfVuPbEl21tr3zKyqU12jbpoZixk0jMfC4iKQuAgBQggZIz9g2Q+ARrLETeIn8EuQEBIPSIZHQJZ44AHMEw/gByQLIUaMZjyMZWs8033qVFXmvju+FTt2xt65qyqrTvWp6orvO50duTOjYq9cseKLFbFXRET/+l/8877IainSSlaa1kK8LpRNJrs6M2kupUn/y2/+D/mN//Sb8vaqlfPTRP7W3/xL8ku/+NeFdhCeLaSo6E1e6mud72RTlNTSK8NNWUiWrCSpehHz35uzTFZFogRQ5LFcnK+FdhCmLaRFVmmln662clpsNSVeF7K4lSTu9X3bRdK3W0kSe52mIpHshHYQpi2kcPvA+Kj08821vFlfU0uvDEncjRVetYmcnaSSZ7F+hvT8rBDaQZi2kK7g+hWW+VHpFydX1NIrRNvFUneJGfflpscvJU3s50izpBHaQZi2EFMdIfYCiURRpO+RphgHEEGCBBBiD9C20vc9FUGQAEJE13WTa+cNECQAIoRKj+PJECBJEiqFBECEgrIqxyEAvAEMCQgSABEIsiwbPQB4A0VRUCkkACIYD6CcegB1zbBfEgARrAeQ5zmVQgIgQkFVVqMHgLRrOyqFBECEAn/WX58CpHwKQAIggkHTNlQCQQIIFX3HKECCBBAsojjyhgBYEMS1ACQAIhj4j/064w0wEIgEQAQErP6bPAYs+BiQBEAEAz8QCCkDgUgAREDwA4GQFjlDgUkARDCoqsrbD8B4AA09ABIAEQymy38j9QgIEgARCNpmOus/3yCEIAEQIRlBRDMIFemuyexhAbpfOHuC14jL7Ylc7dZaz6jvbYlxv50DgDPQ9pnQDsK0hRTHA21xUsh4WAB7g9cGVPhVuZZttdLjoN5dNyMB1HUvN7teaAdh2kKKvcH9k0KwXzjxugC2R4XfVIXuBV81sTZ8rfM+kjjdCO0gTFtIcVigREOlt/awAOJ1YXIgpHn/9rKSaiCA3a6Vy6taaAdh2kL62//7B3o23OkmlTgqZVPE0uNf10ucxNI0jT4mQrSYS7F4RPP0vYaSLuZJU51dRqAJ/mEJ6mKettPFKfiHmPQ0Syd5kDZ1o4+urm+u5fLtpaw3azk5OdGdbOZ55nLlmenx6kpT5MXadzfrjcmv+T21HOQ5Qi7MpuM+Tl/4u9tkv0un4z2dXKZMlD2/55K+8B1+31wul0c3/eyt2y/RSi6va/OqJnMAP/id39dNQpKokpNNIrGUmjrZu34q1/ye87q+S1/H1vVd9nVfXT9Erofa4L31eIzsz2iDu9LUeZfJ9baV3thD9PFF0cdRJ0We6EGReRaJixFBsBgWi+AGEDiOo+H6rjz7vId5ooPy/Dx4v3RPl8d/XIVK/VBy3ZXHyf14fd2V5/Fy+TA2aHr01nwfGwNotPev6k5JIEsjPR8QpwVjCLAqTEcQd3pq8Bcl1311/f46fT993WWDd+X5Mtgg6lztoTL20Mdw+oSLwwkiUKQXb1I9IDI3jK8HRabRpJeFKzNPl/CYPEt53WdwTdFLga2QotcCe7leC69ikHlJ9veR64v8fc8h1zzvMXleii6e0wafU64v6ve5NoRJYLSx9K/85T+jYz4cEZ3ElZyu7fge7gPGRxhHYKyNFWRYNKLjaG+cg/cYY2R5ZvMUJk9V63gF4xZ//IXxCA6lQB7Eo+v4xLRwPalmNqbt+lw+f1eauxTy9l0lf/DTK/m/3/2hEb7Vhv7pJ2/k5//kNxdlX5TLyI5y3bhwMqad5blLLugCso9zCkNYbdtBrmycb5jMOwz6mujUfOd0AX0tzQGM+jpGLv+eTX1/nvvkcnXtyYX8c3twci3Vta+vh+r0GLlQz8fY4KJOBxt8qL5cXfttY0n2iVwLdj/qy7ycDWo5x+jrDrnus8GbHYZ+qVxemTZm2lb6q7/8C3o2fJFWstL08QtDcINInuacuclspUn/129/T77//R/p5AUI4Ns/+3V5Stk/1O8iiBfzFABxAGg0m7zU1zrf6RnxL+V5ZYbAlKrXWYpV3usEJYB0s4rkpcpOEC8V83aVFlmlDeh0tZXTYqvpS4ANSd0HpiRRPY7xM0MAWdLKS5WdIF4q5u0qhQuN3hMN6HxzLW/W1y9CUBePDiGrNpHTTaKPq6wHEJtxfy4vVXaCeKmYt6t0BTe6sL0oGtDFydWLERbx6AhJRVRaJKUkiWUuzPjHkRn3v2DZCeKlwm9XX5oVH5gBxYwogJlTzG4SBPF++NIQAB5luMdReMSCRxwEQQRCANYDiOgBEESIBICAChfQxK2sCSIwAkAkUxRNrwmCCIQAbHjl9JogiFAIYHaiLXeyJYiACAAbMLghACYBsRiDIIhACAAro7qO59kRRJAEcBAIlPMxIEEEQwDzQCCs+yYIIigPgCfaEkTAHgDnAAgiSALAVuTOAwAYCEQQAREAA4EIImQCmO2Cet/utgRBvCIC0N1RuRaAIMIkAD8QSK/rhrVHEKEQwDwQCPuoEwQRCAEsBQJxIpAgAvUAcMoKD+sgiEA9ABz9RBBEIASA5b9+IBDOfSMIIhACQO/vP/p3hz4SBBEAAURRdOc1QRCvmQDwL5peEwQRCAE07TQQiEMAggiIAOb7AeCaIIj3Q7prMntmuB4b/HJ22r3cnsjVbq2yQcbrm1bKyspX1Z28fVfKS5WdIF4q5u0qLetMtsnKOzP8ZTgFEPKqXMu2Wglk7KQwQ4B4GA6I9JH9/CXKThAvFfN2leKI4H0DivTY4JcAMBSEvKkKPcb46qaRXWkXAFXGE/j8cicvVXaCeKmYt6u0NG4AJtS1AbX2zPCXAMi1MwxVNrm+z4tziVPsA1gbDyCSk7OP5aXKThAvFfN2Ff3FP/fH+rOTVPKsk5NVLOtVpKG2iLvv2k6SNJHW+Nw4mAPX+nlvx9txFGuAzvjdEXkm5ZnP3fP8+T2vrhvToOOh549kW/by459eyWefbwXyfvXTCynyXt/naSenm0RWhSzKPt5zkAv3xL9FueZ5+m5ZF3fIPteX3c3o/jzA0XI9QKd4YoJIymPl8u855rmtHh8jV9ffmgf3eYy+DmT37vlQfb1vPS7pa942jpXrqW2wMm3qnWlb6DAvr2qJPjpL+izFrLp5pfb1ElA3vX3VNq2GFC8nZ+5kfmGyE8RLxbxdocVwTS1BBIr0k6+spCgSnUzLs1h7UbgKcC2QYust7MaDdO5yuDzOzfTzuD375nnUFTWp+3zJXUU58/Ke6p7HlnOrG90Obu+S+wVX9AH6muviNtkx+YknH2BtpNtdY1716A2titQM3cxQKI8P6tEv5ynr8Rh9uTy36etYuY7R6VKeuewuz331eKwNPuSed+lrLtf72uBSHbk8sB88Rse8WVma8v7JP/r7cn6Wm293sjYJxtNuTIUlt4UZWJe7UtffV3Wl23NjTKKCxyZPU+t3u+1OVuuVbtSRpZm5gf0hGAshii/Pcv3OlYcdfdwYEsA9Edzj58mLXLf+8vPcK5cZX2qe2srl8pRVqeU7Bfty7XaD7J5cUWzHX/gdc9lRHsr35cLqxKqs7tZXspdd9bVaWbkGfQGjTvNilOudGav18co0euO2tan8v+/9SP7jb/xnk6/Rxv5n//S35a/91b8g56eYBJ3W41ynTi7cx40LfbnulL2+pa5bq6+H1PVd+sL93tsGb6nrh9rgUl0fJVdyiw0utY0838v+Bdtg1+c6B5BkJ/L521LSn/3mH5UiM4Kmhaw09dfZu1n1dJbKQp7TI/LcVY7ckid7ZHlPJfttci3lzZ5YX6fDzO16P3Nr0p/85CemUoe/NikmP++ux/QD6ushdZ29ULmeWl8vxwb9pwCffHwhKQxlk5f6Wuc72RQ8c++lQaMdEfBU9Tpj8+YkU5f/83eN8RRiuThfCeuReIwtpUVWqdGcrrZyWmw1JV4WbKjzPuAJw7V4CH1OQfDmmvVIPMaWUriN6DFgNOeba3mzvqaWXhjcOgdUWNUmGvtQZHYMgMm+j84KYT0Sj7GldAXXsbA9B4zm4uSKWnqBwDoHhDpr+HNU255/IABcsx6Jx9gSV898CeFmfkdW5ylJxGNtiSr48oHnIRAkgJAJoOtnLh13RyJIAMEAgSj+/ogILiEIEkAgsIek7L0ARHsRBAkgEMyPSUOYKEGQAILyAPbHpNEDIEgAwXkAET0AggQQIrBC0s0B6EGpNQ9KJUgAwQCBP/5BqQwEIkgAAcGu459eEwQJIBQCmAUCuQlBgiABhFBpSTwJBErTlEohSAChAPvH+YFAnAQkSAAB4SAQKOdjQIIEEAzmgUDYLJIgSABBeQD7QCDs/koQJIBQ5gDmgUAV5wAIEkAwwHLgSSBQykAgggQQDDD+9wOBGAdAkAAIgiABBFFp8TQQaL5JKEGQAF4xcG6cHwiEa4IgAQQCHALpPwbEYZIEQQIIBP6egAwEIkgAgWEeCoyjxAmCBBCUB8A9AQkSQJhzAGk6CQSCR0AQJIBA0LXTQCAsDyYIEkAgiLzeXyuRcQAECSAgAsC/aHpNECSAQNC2s0CgloFABAkgGBwEAnESkCABhIN5IBAfAxIkgIDAw0EJEkDwHgADgQgSQMAewH7mnx4A8VikuyaTm7KQLG4libmzzPsimj2Ri2bHdtnv+8n7aJ95/Bt9G9l0V+dSmnqq21SaLpGyaqVpbBlwBHZlLW0fS9MmJk+i+ZA/WrpPNJQfifc9jxYLlgDKOpNtsjKN3xpB29EpeHzrv6XRj2/2jd01ujFv5OWbNdyr3ca81rI1RK1E0KTmZfMgLZtYtB6rQtKklTjC2YGRRzr9Xo5BBv/+PikRz9NhzMl63mFEC/U4sS3PdqJoyTRt/sp1JKajQKdhCCD3Gn8kdccNJp+AAw49gMirIL8n9sjBz+ZX9rVp2NflSm5MioZemQbvE8CuFP38Jin079D4RyIfiaWfGNvoAcy9EOKDG8zY+G/pJNz76KCBL5BAdNgB+Xg3dCbOllL0KPgjbfyGFUAIxGMrc5mVJxU5r+SxEc5Iw2u4GAL4r5tdPyGA65tWdk0uUblv/PASDjwSj3TUoBZ6FOJ5OowDMp415IkHMLenmQ0uk7n9m+tyrUP+G9OhKAH8m1//97JZYU15L29OzQdxo0dNVVUlq2JlDKnW1Wf9sPokTeA+NLoGvaxKPZQCi1FcHoSlYptqbFOFnWqwZ32xKjTFNRay4HBLPMZCBBsmsDCLvVqt9J4oF+XjzPtIVdDre9wD90I5eZFP7unLhQkyfIff4PJgxhyPy3BPvHf3RB7MqCOFLHEUa5y9y4Pfp3KVlb1n3ehvQ1l+nvVqbXrh3V4XSTIqPDX56xqy57pxx3pt8tS1fq76GuRSXRj9NIM80Hs2yF63pkGbRr3dNdLHuVxvW3G7gFV1p0OAy6tWqjw2ZBDJydoM6YwhOF2gnFZ16oZ3nfksOex9iGfpNA68vlkj9juJ6Xf9UfNOfp5tlcsWHYlJtdP46CzpsxTRZOaV2heMsu/7e8Yu0WjAfnrXd3flcY3T/9y/F75zeZDeVh5mx1tDMjB2BMvg2v0UFIn383va8jpV3dJ383s6uIabagNrteF3ppxkfEaPhTsxzvNWEuu6VlOUkyTRGNNvZewHmTvbYE1ebaSCx3wYu0WGZFodu719dyM//ezaXHeGpGM5Pyvkj3zykSFPkZWpx5NNqnMBIBQQMSIH+87qBPdLzP3wvh+IALJnWTr+FqdT99tBJCBKkDNSW16vZDmS4dBpKEk7UjX3ticZR5p/LMd0CCBD18FkqY1khO7GPKYcVx6IV+/pyN7I2NS2Q3BErkRn/laPTtffOPyufC+75hl0gnpAvqXfN5L9kAdl4v6jXKZDwG9wcqFTA9A5uI5Kyd50DOggUL7aNjpHdGZeB4oOpjYp6krtzOgKeu07X3Z0VPiduJeVHUQA+0Y92vobyB712NiOCnLjXzp0oCjveotP1iY1vz1aK5nQ93vqCZ3R9Y4OPt+/osGtk1vy7L+H3bddrzP+sO+2te/xmW3MMqZpEim5uLNCtBxXpliysaTj3Mr990+jg0Oyv6/TeEjn4Qh4iaSjhR/hCMo2lH3HMC0nGjqLOdnPnXV8ZjuLOE4O7jnvPCzpdwedhvvOEa70rT3cZbine8SLjgSkqN5iZ1PIMIaBD6TTDuRnyxs6GG+FqK4e7a0nfb1tTJmppq3xLKOPLwr1AFB2nlkjOuyNZdKLup51rtClSlzqRUcH5p6Kfh+P4iFejJVFxhSf9bPPpun+b3qZficyLQedAx7ZNabRYs0OGq1L0WhRT/qKpu/9uWDo15ZnCUDlu1U2Udaff0683E7DknM06yBkJA7XEShpR3v7mHce+/KixY5JJ/q9zgN2mP7jf/j3JE8NA0W1bNZGiM66LM51gQviGq5rWG5sDRdN8xgfFa6ec4UgsZ8HY2WMkeHqwf1xDc8xINwluHG73W50JR17KlvGicqD7zTvMPbGuB+usmNUnWcw8uBerhx1F4cNM5zs+vt25ThHEQ9s7NDAdY3t2D1J00EHyVCO7Qks6Vn3C6mbt0AeXNvTe3oz1hK5MWP2qo7k6qaRH//BW5PW0pa9kTGWr1ycGpc9lyzpjMuYSBp3ph7wmG9fjgyNv2ktiVZ1q8Rr5bQ920gYvZ0IbOAqQua2HYcqfq/nk3M7uJXtkNeva/R2To5pT9tPyG7fMbi80UFPO++N5x2C3zEs9e5P0SEc45nMiXyJ/KejcBkJ2hF/dwvxHnQ0/S3fy+33ndxL7BDFXbu/3ncY9r2a0XDtl5v+3Le+JkVmxhlpZcaPSF/fQZP9ONFlJxU19Ss8mvaU+j6yhKbE0jRDA9m7c87Y0Qh17IfxIAjOjGk171ApdZsP462NvLtu5df/3X+Q//PdH+qju5N1Lt/5B78iP/PVr0giO3NtJOtvNK1qO5loG7ftEvReCUgVE6qWDLPMTmRa17TXClbC1InLQnbbnY5pHan2OpSwv0vJubDE68akjqS1EQ7Ehs90ktPLg7G704WOQdN9p6Edg5dH5fLuOeYZ0pF0Bp3quH7oNOZk7+TCb3YdlXYMRqEYj6MeJJJpR2V0AbJXfaVep2b+2UnSbNLBuI7P6dR5uqiTTDss27GoXYBAtaNSo9HytI7qwQ4Gkh6Pc4tkqMdE6xF58TfxUM5og517NN/ZehjG9XoGRBTZnnyYdEd5UbzvEGyYuCVg58lqBxclpjNCGHks27LRJ38pGvwmL/W1zneyKQLcYrqfutyWBLy51IXvJ0/Pxy+qg++3VS+bVWFSeB6FMehOJ1p1jJcYLyDt5KOzxJBvZvRf6SQeiNj+fTOWr/fStMUoUMeNhr91Is+UtJ//HWUddgru18N364Ufns/Su3YXPhnS09dpAq5j8NK9TvsxRUPr2tbzTOJxyIjIenQa0eAJuidTyWy+wHpclkDSgZCsp9pOOhjtfIaJRniqzpuN4mQgVUuYNSZ602zweG0nZOcorCeCMusak8G5XF4ZYovXmopJ0yKrtPGfrrZyWmw1DRGTJ6v9PsTiwEWbPTDbfx8dlmf+lydrDbHWWds+lrOTbCSAIk/l/E0hrg5OChDwTlOfiPblRQOjR4cyex/sQ0aIp+4Y/Do5rO99p2HroLzNyMzberiuh4/rg+iAvnefNUN51fgY19pdZDuAfihP8wzDVDN0G+1Av090OLf7aK3RpF+5OLFxAHD/0fOj8Z9vruXN+jrYcIze720XGnd/pIH4hqLrKyI3Lk9M428mHkBXX8vKsDYaPsj3bHUjZ+vtwgReNFRkNDHA27yUQ++EeIqOYVmlkTd2j+6ZfF22teW5gjtCenyyWbJD11mMslm7QQQgAoEQLo4M6QpDgMJ6AGj8FydX4Vb2QcO6wwPoZbkXnlW+7flt4wfjTjyAzHgEp5nOwTgvDCSM11KD3lfkvKdYlpFPAJ62Y1jyAOcNdk7ItzgAyyR+RJ3uh4SHttDPbuZ3Fm5ImyaNafx2jkDnAFjJ08Z6UPXv+Xw8MwrPklYDc+ANQPl4Tu/u17dm3BZbzwDzMathOEC8zI7hKA+gv8vx8t3y6E634yiy8Xr66RDDl2vvPcbRftFfZTolEsAHJ5lp4Ai39P5ydQzLjnn/pYmltkFlsV0yXufcEIQgQgYJ4IMz8DQSsuu4CQtBAghH4Z7Lj/d4xksQJIBAMIZLiw0IQZQaQZAAAkGS7ndcQmQXlpUSBAkgELSNv+io0Rh2giABhKLwZK9yxHpj8wiCIAEEOAeAJwA81IMgAYSkcH+nlijSFWMEQQIIBP0sSLTrGQdAkADCIYBZIFDPFTsECSDcIYDuPEsQJIAw4E8CovfHTi8EQQIIReHzx4AMBCJIAGF6AAgEwqadBEECCNQDwMkwBEECCNADQCAQtqMmCBJAKAqfPQVw5+IRBAkgAPQyjQPAYRcEQQIgCIIE8NoRyXRTUJwaQxAkgEDg7wGogUANA4EIEkA4Ck+mewLiwE2CIAGE4gHM9gTEybwEQQIIBPM9AVdrBgIRJIBg4O8JCA+AewISJIBA5wA0EChnIBBBAghnDmD2FABeAEGQAALB/HBQ/5ogSACvnQBmx8jGEauAIAEEOwRo2oZKIUgAwSh8FgiUZzmVQpAAgvEAZoFAZcnHgAQJIBjwcFCCBBAwGAhEkAA4B7CfAyg4B0CQAMKZA+imewI2NZ8CECSAYDAPBPL3CCQIEgBBECSA14r54aD+kIAgPjTSXZPJTVlIFreSxDTGp8bl9kSudmvVMXRd1bHUjSWBtoukj+znrAPiOewxLetMtsnKGJ4zSjoFTwko+6pcy7ZaCXR9eVWPBLArG70u61PWAfEs9mgIIPcML5K64y61TwkwLZR9UxUCXTddKnVt9d1LIkl2IqwD4rnsMS2NG4AFamp4baIfEk8H6HdnmLZscn2PHr8aCGC3a+Xzy1I++fiCdUA8iz2m3/3e78n5mTG4fidrk+RppxNTCFnF2fUIVUW0WlEUxnArSZNUur7TCSzsaY9trfEdTrnF/naIbcdxVzjxRh9zRbGueMOiF3znysNOOIiKc4/BcM8syyZ5ECSD5+R+nnvl6nqbp7ZyuTw4gw/lI/puLhc25lTZPbmiONKlu/gdc9lRHsr35UqzVKqyOpCr60351c406kjfJ+mJuGDAfLWRzz7fyu/8/8+MLivV/boAF5S6W/CBXIPst8m1pK+5Tp1cqDucUqT1mBxR18lepwd13Vp9PaSub9MX7ukmR9/LBm+p64fa4FJdHyVXcosNLrWNPN/L/gXYoC9X17fy7vpKPc/P35YSffKVVV8UibqgeRYbASPNCAHdD8Ex1khxE/cc288DIaBsP4+b7Z7nQfy7qxhXhivPL2de3lPd89hyluRy5eB6Lpf7bK4vNHaM+eH24/2ubE2l4FDQVtarTPVd5LFgiYApXusA7x+ir/vkcnmesh6P0ZfLM5fLr4tj5DrGBpfyzGV3eY7R1zE2+JB73qWvuVzva4NLdeTywAZhf/A2S2OLkQ5FCYIIEulHZ4n2QlkW2TTlFlXE00G9n8EDQloNKV7O3nJne7TBD14f6be/9TU5O0lNJXRysoqNW7p39bB2HeMdHScl9lo/7+2zaoxh1OVw3x2RZ1LekguzcE+Mhe7Lg8/dmHaeZ8w7yOXG0YtyzfP03fI9j5T9LrnmedR1PFauB+h0dB0foa8xz231eI9cV9eNlHUs1zetbEuRH/7ox/LZ250aX5En8se//qls1vFog6frRLBC+qH6OpDd08VD9fW+9bikr3nbOFaup7ZBxKG8M3WCyWZMSKf/7J9+R4qsliKtZKUpz6ojvqBZZ5P+y3/1bw0p/Ei/wxzIL//dX5RvfuMT2uAz1UcKZW/yUl/rfCebguvTiaeDRjgiyKnqdbZps7Yuvz4FySN96kEbfL76SIusUsWfrrZyWmw1JYingg1v3gc5YYiZDQSg4/+0E9rg89VHCtcLrAvFn2+u5c36mloingxubQOMrTLjTvT4bpJPH33GtdAGn68+0hXcr8KyLxR/cXJFLRFPCqxtQHgzIhxP1slIAJgExDVt8Pnqg6tOiA9rfN5RaJjF5q7IzwsSAPFBgceRo/HFMXdFJgEQQXkA3BWZBEAEbHDersiIVceCFYIEQAQC/2QkzAFgtRpBAiBCMThvF2SEsWI5L0ECIAJBP1t82nMxKgmACIgAZrsiYwMXggRAhDoESDkEIAEQwcCfBIQHgK21CBIAEYrBzQ5HZSAQCYAI1ANAIBA2wyRIAESAHgACgVarFZVCAiBC9AAYCEQCIEIzuNlTAOxZT5AAiEDgB/7Ygyp4GCoJgAiHALxAIP8gDYIEQIRgcNHU5DARSJAAiECAiT/fG8D5dgQJgAjF4LgfAAmACNgD8B4D4kBM7ghEAiACgr/4Rz0AhgKTAIhw4O8JyF2BSQBEwHMAeAyYZRmVQgIggpkDmD0F8D0CggRAvHK446zH6ziiUkgARDAEINGEDOaBQQQJgAhoCNC0DZXyjEh3TWbPDNdjg7kwg3haXG5P5Gq3VhuDrVVNLHWzP55aopXQBp+vPtKyzmSbrLwzw+kUEE8HGNtVuZZttRLY2rvrZiSAXdnI5VVtPj+lDT5TfaQ4Iniv+EiPDSaIpwJ6GhjbTVXocdR1m0hdW3vr+liS7ERog89XH2lp3ADMy6jiW3tm+GOBtd7+JM9rwWv9XR8CsK+d6WnKJtf36PGrgQDKspPPL0v55OOLJ7NB4mH1Ef3SL/x5w8OlnJ8VhoUrOV2navCYrMFRzlitlee5RmwVeaHXCOFEHkzi4H1TN5Llmc1TFLrVc5qluukjZnrxD+8R9FFWNk9VVXqNeHDsEuPnwTZReZaPqX/PiVy35FmUy8iOvPhbNxGF++I59DzPnXIZXUB2/5625zJ50ofJ7nQBfSFE9kAup6+wWitYAAAEZElEQVRj5PLv2dTvpVN3T83jyYX8c3twci3VNb7rpDCNfGd6+1zeXTXyve//rvzu730mN7tOLs7X8q0/8TPy6SfnEvW7u21wQS49WOQIG1zU6WCDD9WXq2u/bczt4cAGF+x+1Jd5ORvUcobyHto2jrVB6L1uUkPEtm6iizdpj/DsPI8FaZZOH9Pgh8zTJTwmz1Lep8rzPnJ9kb/vOeSa5z0mz1PJhTifqu6MMdsUvT/mAPCCreFVDLZHG/zif5/TPYZhqJtIPVyCIIJE+vFFIXFknIE8MW6NYeEMjOHYBM9te3VD4I7FcTRc35Vnn/cwT3RQnp8H75fuOSe7Dy3XXXmc3I+X6648j5fLB3rfsm7N97HOvKMXRm/seuE8i2VVJDoRtypSU0anvfIXJdd9df3+On0/fb1mG0Sdqz1UrU7Cpr/2nV8xbsBOTjem4qNSNkVsxzD4oyTWcQjGHhhHuBQ7ubpxDm60mGcYa7txIQI+FvO0nYaDunEOxm1+Hh0LmXHUOLa6Ra5JHk+ug7GQP9aO4oN7ajnIc4RcGLvhPk4u/N2jZV+YA5jfc0lfblw4l8vlQZltbx+/4Zn75XUt//W//Xf5/g9+X41hs87l7/ztvyFf/fRCkqiSk00imBNC6mR3G3f642j/nvO6vktfD6rrW+zrvrp+iFwfwgbvrOsPbIPYfqHpMrnettIbe0j/1M9/Q4qsliKtZKUpt2h61TO/Jv2t//lb4zgbY+5vfP1T+blvfY12EKAtpKjoTV7qa53vjAfA9dmv8dlvhkCbqtcZn/M3uQ71gNUqkTenmdAOwrSFtMgqrfTT1VZOi62mxOuCDbHdB9rkaWdcQ0sASdRL19yY3n9DOwjQFlK4fWB8VPr55lrerK+ppVcGF1+PCq/aRM5O0nEIACLYrCKhHYRpC+kKrl9hmR+VfnFyRS29QiC+HiG2iLJbF9FkDiCJaqEdhGkLXHVB8HiugEECCNENTKeLbfwDOwkSAPHaXcDW34ePp/OQAIiggAUn+735Il1AQpAAiECAHt8tEEGKlWoECYAIBFiW6jwA7s1PAiACA+LTnQeAmPSqrKgUEgARCvweH6vE3IYSBAmACABYNTa+N2+5NTcJgAgIPI2HIAEEDOznQBAkgEDhBwLxgE4SABEY8iKfPAb0j+wmSADEK4cfCKSPASs+BiQBEMHADwTCQiAGApEAiIA9ABymQZAAiFA8gHzqATAQiARABAT0+v5ioOnyYIIEQLzuSp9tAHLfcWEECYB4RYDLv98PgCABEEEBp8j6QwCsDiTCRLprMntYgO4Xzs0hXyMutydytVtrPaO+eynEBf8hrdtUaAdh2kKK44G2OClkPCyATsFrAyr8qlzLtlrpcVA4JxCHgwJI374rhXYQpi2k2BvcPykE+4UTrwtge1T4TVXoXvBRspa2tXMA8P57WQntIExbSHFYoERDpbf2sADidWFyIKR5f/mull1pxwBl1clnb7dCOwjTFv4Qkn7pU+BMkekAAAAASUVORK5CYII=</ImportTexture>
</Tiled2Unity>